	.text
	.globl main
main:
	sw    $ra, 0($sp)	#PUSH
	subu  $sp, $sp, 4
	sw    $fp, 0($sp)	#PUSH
	subu  $sp, $sp, 4
	addu  $fp, $sp, 8
	subu  $sp, $sp, 132
	li    $t0, 1
	sw    $t0, 0($sp)	#PUSH
	subu  $sp, $sp, 4
	la    $t0, -8($fp)
	sw    $t0, 0($sp)	#PUSH
	subu  $sp, $sp, 4
	lw    $t1, 4($sp)	#POP
	addu  $sp, $sp, 4
	lw    $t0, 4($sp)	#POP
	addu  $sp, $sp, 4
	sw    $t0, 0($t1)
	sw    $t0, 0($sp)	#PUSH
	subu  $sp, $sp, 4
	lw    $t0, 4($sp)	#POP
	addu  $sp, $sp, 4
	li    $t0, 2
	sw    $t0, 0($sp)	#PUSH
	subu  $sp, $sp, 4
	la    $t0, -12($fp)
	sw    $t0, 0($sp)	#PUSH
	subu  $sp, $sp, 4
	lw    $t1, 4($sp)	#POP
	addu  $sp, $sp, 4
	lw    $t0, 4($sp)	#POP
	addu  $sp, $sp, 4
	sw    $t0, 0($t1)
	sw    $t0, 0($sp)	#PUSH
	subu  $sp, $sp, 4
	lw    $t0, 4($sp)	#POP
	addu  $sp, $sp, 4
	li    $t0, 6
	sw    $t0, 0($sp)	#PUSH
	subu  $sp, $sp, 4
	la    $t0, -16($fp)
	sw    $t0, 0($sp)	#PUSH
	subu  $sp, $sp, 4
	lw    $t1, 4($sp)	#POP
	addu  $sp, $sp, 4
	lw    $t0, 4($sp)	#POP
	addu  $sp, $sp, 4
	sw    $t0, 0($t1)
	sw    $t0, 0($sp)	#PUSH
	subu  $sp, $sp, 4
	lw    $t0, 4($sp)	#POP
	addu  $sp, $sp, 4
	li    $t0, 4
	sw    $t0, 0($sp)	#PUSH
	subu  $sp, $sp, 4
	la    $t0, -20($fp)
	sw    $t0, 0($sp)	#PUSH
	subu  $sp, $sp, 4
	lw    $t1, 4($sp)	#POP
	addu  $sp, $sp, 4
	lw    $t0, 4($sp)	#POP
	addu  $sp, $sp, 4
	sw    $t0, 0($t1)
	sw    $t0, 0($sp)	#PUSH
	subu  $sp, $sp, 4
	lw    $t0, 4($sp)	#POP
	addu  $sp, $sp, 4
	li    $t0, 9
	sw    $t0, 0($sp)	#PUSH
	subu  $sp, $sp, 4
	la    $t0, -24($fp)
	sw    $t0, 0($sp)	#PUSH
	subu  $sp, $sp, 4
	lw    $t1, 4($sp)	#POP
	addu  $sp, $sp, 4
	lw    $t0, 4($sp)	#POP
	addu  $sp, $sp, 4
	sw    $t0, 0($t1)
	sw    $t0, 0($sp)	#PUSH
	subu  $sp, $sp, 4
	lw    $t0, 4($sp)	#POP
	addu  $sp, $sp, 4
	li    $t0, 2
	sw    $t0, 0($sp)	#PUSH
	subu  $sp, $sp, 4
	la    $t0, -28($fp)
	sw    $t0, 0($sp)	#PUSH
	subu  $sp, $sp, 4
	lw    $t1, 4($sp)	#POP
	addu  $sp, $sp, 4
	lw    $t0, 4($sp)	#POP
	addu  $sp, $sp, 4
	sw    $t0, 0($t1)
	sw    $t0, 0($sp)	#PUSH
	subu  $sp, $sp, 4
	lw    $t0, 4($sp)	#POP
	addu  $sp, $sp, 4
	li    $t0, 0
	sw    $t0, 0($sp)	#PUSH
	subu  $sp, $sp, 4
	la    $t0, -32($fp)
	sw    $t0, 0($sp)	#PUSH
	subu  $sp, $sp, 4
	lw    $t1, 4($sp)	#POP
	addu  $sp, $sp, 4
	lw    $t0, 4($sp)	#POP
	addu  $sp, $sp, 4
	sw    $t0, 0($t1)
	sw    $t0, 0($sp)	#PUSH
	subu  $sp, $sp, 4
	lw    $t0, 4($sp)	#POP
	addu  $sp, $sp, 4
	li    $t0, 3
	sw    $t0, 0($sp)	#PUSH
	subu  $sp, $sp, 4
	la    $t0, -36($fp)
	sw    $t0, 0($sp)	#PUSH
	subu  $sp, $sp, 4
	lw    $t1, 4($sp)	#POP
	addu  $sp, $sp, 4
	lw    $t0, 4($sp)	#POP
	addu  $sp, $sp, 4
	sw    $t0, 0($t1)
	sw    $t0, 0($sp)	#PUSH
	subu  $sp, $sp, 4
	lw    $t0, 4($sp)	#POP
	addu  $sp, $sp, 4
	li    $t0, 6
	sw    $t0, 0($sp)	#PUSH
	subu  $sp, $sp, 4
	la    $t0, -40($fp)
	sw    $t0, 0($sp)	#PUSH
	subu  $sp, $sp, 4
	lw    $t1, 4($sp)	#POP
	addu  $sp, $sp, 4
	lw    $t0, 4($sp)	#POP
	addu  $sp, $sp, 4
	sw    $t0, 0($t1)
	sw    $t0, 0($sp)	#PUSH
	subu  $sp, $sp, 4
	lw    $t0, 4($sp)	#POP
	addu  $sp, $sp, 4
	li    $t0, 10
	sw    $t0, 0($sp)	#PUSH
	subu  $sp, $sp, 4
	la    $t0, -44($fp)
	sw    $t0, 0($sp)	#PUSH
	subu  $sp, $sp, 4
	lw    $t1, 4($sp)	#POP
	addu  $sp, $sp, 4
	lw    $t0, 4($sp)	#POP
	addu  $sp, $sp, 4
	sw    $t0, 0($t1)
	sw    $t0, 0($sp)	#PUSH
	subu  $sp, $sp, 4
	lw    $t0, 4($sp)	#POP
	addu  $sp, $sp, 4
	li    $t0, 22
	sw    $t0, 0($sp)	#PUSH
	subu  $sp, $sp, 4
	la    $t0, -48($fp)
	sw    $t0, 0($sp)	#PUSH
	subu  $sp, $sp, 4
	lw    $t1, 4($sp)	#POP
	addu  $sp, $sp, 4
	lw    $t0, 4($sp)	#POP
	addu  $sp, $sp, 4
	sw    $t0, 0($t1)
	sw    $t0, 0($sp)	#PUSH
	subu  $sp, $sp, 4
	lw    $t0, 4($sp)	#POP
	addu  $sp, $sp, 4
	li    $t0, 13
	sw    $t0, 0($sp)	#PUSH
	subu  $sp, $sp, 4
	la    $t0, -52($fp)
	sw    $t0, 0($sp)	#PUSH
	subu  $sp, $sp, 4
	lw    $t1, 4($sp)	#POP
	addu  $sp, $sp, 4
	lw    $t0, 4($sp)	#POP
	addu  $sp, $sp, 4
	sw    $t0, 0($t1)
	sw    $t0, 0($sp)	#PUSH
	subu  $sp, $sp, 4
	lw    $t0, 4($sp)	#POP
	addu  $sp, $sp, 4
	li    $t0, 52
	sw    $t0, 0($sp)	#PUSH
	subu  $sp, $sp, 4
	la    $t0, -56($fp)
	sw    $t0, 0($sp)	#PUSH
	subu  $sp, $sp, 4
	lw    $t1, 4($sp)	#POP
	addu  $sp, $sp, 4
	lw    $t0, 4($sp)	#POP
	addu  $sp, $sp, 4
	sw    $t0, 0($t1)
	sw    $t0, 0($sp)	#PUSH
	subu  $sp, $sp, 4
	lw    $t0, 4($sp)	#POP
	addu  $sp, $sp, 4
	li    $t0, 53
	sw    $t0, 0($sp)	#PUSH
	subu  $sp, $sp, 4
	la    $t0, -60($fp)
	sw    $t0, 0($sp)	#PUSH
	subu  $sp, $sp, 4
	lw    $t1, 4($sp)	#POP
	addu  $sp, $sp, 4
	lw    $t0, 4($sp)	#POP
	addu  $sp, $sp, 4
	sw    $t0, 0($t1)
	sw    $t0, 0($sp)	#PUSH
	subu  $sp, $sp, 4
	lw    $t0, 4($sp)	#POP
	addu  $sp, $sp, 4
	li    $t0, 15
	sw    $t0, 0($sp)	#PUSH
	subu  $sp, $sp, 4
	la    $t0, -64($fp)
	sw    $t0, 0($sp)	#PUSH
	subu  $sp, $sp, 4
	lw    $t1, 4($sp)	#POP
	addu  $sp, $sp, 4
	lw    $t0, 4($sp)	#POP
	addu  $sp, $sp, 4
	sw    $t0, 0($t1)
	sw    $t0, 0($sp)	#PUSH
	subu  $sp, $sp, 4
	lw    $t0, 4($sp)	#POP
	addu  $sp, $sp, 4
	li    $t0, 83
	sw    $t0, 0($sp)	#PUSH
	subu  $sp, $sp, 4
	la    $t0, -68($fp)
	sw    $t0, 0($sp)	#PUSH
	subu  $sp, $sp, 4
	lw    $t1, 4($sp)	#POP
	addu  $sp, $sp, 4
	lw    $t0, 4($sp)	#POP
	addu  $sp, $sp, 4
	sw    $t0, 0($t1)
	sw    $t0, 0($sp)	#PUSH
	subu  $sp, $sp, 4
	lw    $t0, 4($sp)	#POP
	addu  $sp, $sp, 4
	li    $t0, 2
	sw    $t0, 0($sp)	#PUSH
	subu  $sp, $sp, 4
	la    $t0, -72($fp)
	sw    $t0, 0($sp)	#PUSH
	subu  $sp, $sp, 4
	lw    $t1, 4($sp)	#POP
	addu  $sp, $sp, 4
	lw    $t0, 4($sp)	#POP
	addu  $sp, $sp, 4
	sw    $t0, 0($t1)
	sw    $t0, 0($sp)	#PUSH
	subu  $sp, $sp, 4
	lw    $t0, 4($sp)	#POP
	addu  $sp, $sp, 4
	li    $t0, 6
	sw    $t0, 0($sp)	#PUSH
	subu  $sp, $sp, 4
	la    $t0, -76($fp)
	sw    $t0, 0($sp)	#PUSH
	subu  $sp, $sp, 4
	lw    $t1, 4($sp)	#POP
	addu  $sp, $sp, 4
	lw    $t0, 4($sp)	#POP
	addu  $sp, $sp, 4
	sw    $t0, 0($t1)
	sw    $t0, 0($sp)	#PUSH
	subu  $sp, $sp, 4
	lw    $t0, 4($sp)	#POP
	addu  $sp, $sp, 4
	li    $t0, 4
	sw    $t0, 0($sp)	#PUSH
	subu  $sp, $sp, 4
	la    $t0, -80($fp)
	sw    $t0, 0($sp)	#PUSH
	subu  $sp, $sp, 4
	lw    $t1, 4($sp)	#POP
	addu  $sp, $sp, 4
	lw    $t0, 4($sp)	#POP
	addu  $sp, $sp, 4
	sw    $t0, 0($t1)
	sw    $t0, 0($sp)	#PUSH
	subu  $sp, $sp, 4
	lw    $t0, 4($sp)	#POP
	addu  $sp, $sp, 4
	li    $t0, 9
	sw    $t0, 0($sp)	#PUSH
	subu  $sp, $sp, 4
	la    $t0, -84($fp)
	sw    $t0, 0($sp)	#PUSH
	subu  $sp, $sp, 4
	lw    $t1, 4($sp)	#POP
	addu  $sp, $sp, 4
	lw    $t0, 4($sp)	#POP
	addu  $sp, $sp, 4
	sw    $t0, 0($t1)
	sw    $t0, 0($sp)	#PUSH
	subu  $sp, $sp, 4
	lw    $t0, 4($sp)	#POP
	addu  $sp, $sp, 4
	li    $t0, 2
	sw    $t0, 0($sp)	#PUSH
	subu  $sp, $sp, 4
	la    $t0, -88($fp)
	sw    $t0, 0($sp)	#PUSH
	subu  $sp, $sp, 4
	lw    $t1, 4($sp)	#POP
	addu  $sp, $sp, 4
	lw    $t0, 4($sp)	#POP
	addu  $sp, $sp, 4
	sw    $t0, 0($t1)
	sw    $t0, 0($sp)	#PUSH
	subu  $sp, $sp, 4
	lw    $t0, 4($sp)	#POP
	addu  $sp, $sp, 4
	li    $t0, 0
	sw    $t0, 0($sp)	#PUSH
	subu  $sp, $sp, 4
	la    $t0, -92($fp)
	sw    $t0, 0($sp)	#PUSH
	subu  $sp, $sp, 4
	lw    $t1, 4($sp)	#POP
	addu  $sp, $sp, 4
	lw    $t0, 4($sp)	#POP
	addu  $sp, $sp, 4
	sw    $t0, 0($t1)
	sw    $t0, 0($sp)	#PUSH
	subu  $sp, $sp, 4
	lw    $t0, 4($sp)	#POP
	addu  $sp, $sp, 4
	li    $t0, 3
	sw    $t0, 0($sp)	#PUSH
	subu  $sp, $sp, 4
	la    $t0, -96($fp)
	sw    $t0, 0($sp)	#PUSH
	subu  $sp, $sp, 4
	lw    $t1, 4($sp)	#POP
	addu  $sp, $sp, 4
	lw    $t0, 4($sp)	#POP
	addu  $sp, $sp, 4
	sw    $t0, 0($t1)
	sw    $t0, 0($sp)	#PUSH
	subu  $sp, $sp, 4
	lw    $t0, 4($sp)	#POP
	addu  $sp, $sp, 4
	li    $t0, 6
	sw    $t0, 0($sp)	#PUSH
	subu  $sp, $sp, 4
	la    $t0, -100($fp)
	sw    $t0, 0($sp)	#PUSH
	subu  $sp, $sp, 4
	lw    $t1, 4($sp)	#POP
	addu  $sp, $sp, 4
	lw    $t0, 4($sp)	#POP
	addu  $sp, $sp, 4
	sw    $t0, 0($t1)
	sw    $t0, 0($sp)	#PUSH
	subu  $sp, $sp, 4
	lw    $t0, 4($sp)	#POP
	addu  $sp, $sp, 4
	li    $t0, 10
	sw    $t0, 0($sp)	#PUSH
	subu  $sp, $sp, 4
	la    $t0, -104($fp)
	sw    $t0, 0($sp)	#PUSH
	subu  $sp, $sp, 4
	lw    $t1, 4($sp)	#POP
	addu  $sp, $sp, 4
	lw    $t0, 4($sp)	#POP
	addu  $sp, $sp, 4
	sw    $t0, 0($t1)
	sw    $t0, 0($sp)	#PUSH
	subu  $sp, $sp, 4
	lw    $t0, 4($sp)	#POP
	addu  $sp, $sp, 4
	li    $t0, 22
	sw    $t0, 0($sp)	#PUSH
	subu  $sp, $sp, 4
	la    $t0, -108($fp)
	sw    $t0, 0($sp)	#PUSH
	subu  $sp, $sp, 4
	lw    $t1, 4($sp)	#POP
	addu  $sp, $sp, 4
	lw    $t0, 4($sp)	#POP
	addu  $sp, $sp, 4
	sw    $t0, 0($t1)
	sw    $t0, 0($sp)	#PUSH
	subu  $sp, $sp, 4
	lw    $t0, 4($sp)	#POP
	addu  $sp, $sp, 4
	li    $t0, 13
	sw    $t0, 0($sp)	#PUSH
	subu  $sp, $sp, 4
	la    $t0, -112($fp)
	sw    $t0, 0($sp)	#PUSH
	subu  $sp, $sp, 4
	lw    $t1, 4($sp)	#POP
	addu  $sp, $sp, 4
	lw    $t0, 4($sp)	#POP
	addu  $sp, $sp, 4
	sw    $t0, 0($t1)
	sw    $t0, 0($sp)	#PUSH
	subu  $sp, $sp, 4
	lw    $t0, 4($sp)	#POP
	addu  $sp, $sp, 4
	li    $t0, 52
	sw    $t0, 0($sp)	#PUSH
	subu  $sp, $sp, 4
	la    $t0, -116($fp)
	sw    $t0, 0($sp)	#PUSH
	subu  $sp, $sp, 4
	lw    $t1, 4($sp)	#POP
	addu  $sp, $sp, 4
	lw    $t0, 4($sp)	#POP
	addu  $sp, $sp, 4
	sw    $t0, 0($t1)
	sw    $t0, 0($sp)	#PUSH
	subu  $sp, $sp, 4
	lw    $t0, 4($sp)	#POP
	addu  $sp, $sp, 4
	li    $t0, 53
	sw    $t0, 0($sp)	#PUSH
	subu  $sp, $sp, 4
	la    $t0, -120($fp)
	sw    $t0, 0($sp)	#PUSH
	subu  $sp, $sp, 4
	lw    $t1, 4($sp)	#POP
	addu  $sp, $sp, 4
	lw    $t0, 4($sp)	#POP
	addu  $sp, $sp, 4
	sw    $t0, 0($t1)
	sw    $t0, 0($sp)	#PUSH
	subu  $sp, $sp, 4
	lw    $t0, 4($sp)	#POP
	addu  $sp, $sp, 4
	li    $t0, 15
	sw    $t0, 0($sp)	#PUSH
	subu  $sp, $sp, 4
	la    $t0, -124($fp)
	sw    $t0, 0($sp)	#PUSH
	subu  $sp, $sp, 4
	lw    $t1, 4($sp)	#POP
	addu  $sp, $sp, 4
	lw    $t0, 4($sp)	#POP
	addu  $sp, $sp, 4
	sw    $t0, 0($t1)
	sw    $t0, 0($sp)	#PUSH
	subu  $sp, $sp, 4
	lw    $t0, 4($sp)	#POP
	addu  $sp, $sp, 4
	li    $t0, 83
	sw    $t0, 0($sp)	#PUSH
	subu  $sp, $sp, 4
	la    $t0, -128($fp)
	sw    $t0, 0($sp)	#PUSH
	subu  $sp, $sp, 4
	lw    $t1, 4($sp)	#POP
	addu  $sp, $sp, 4
	lw    $t0, 4($sp)	#POP
	addu  $sp, $sp, 4
	sw    $t0, 0($t1)
	sw    $t0, 0($sp)	#PUSH
	subu  $sp, $sp, 4
	lw    $t0, 4($sp)	#POP
	addu  $sp, $sp, 4
	li    $t0, 5
	sw    $t0, 0($sp)	#PUSH
	subu  $sp, $sp, 4
	la    $t0, -8($fp)
	sw    $t0, 0($sp)	#PUSH
	subu  $sp, $sp, 4
	lw    $t1, 4($sp)	#POP
	addu  $sp, $sp, 4
	lw    $t0, 4($sp)	#POP
	addu  $sp, $sp, 4
	sw    $t0, 0($t1)
	sw    $t0, 0($sp)	#PUSH
	subu  $sp, $sp, 4
	lw    $t0, 4($sp)	#POP
	addu  $sp, $sp, 4
	li    $t0, 41
	sw    $t0, 0($sp)	#PUSH
	subu  $sp, $sp, 4
	la    $t0, -8($fp)
	sw    $t0, 0($sp)	#PUSH
	subu  $sp, $sp, 4
	lw    $t1, 4($sp)	#POP
	addu  $sp, $sp, 4
	lw    $t0, 4($sp)	#POP
	addu  $sp, $sp, 4
	sw    $t0, 0($t1)
	sw    $t0, 0($sp)	#PUSH
	subu  $sp, $sp, 4
	lw    $t0, 4($sp)	#POP
	addu  $sp, $sp, 4
	li    $t0, 57
	sw    $t0, 0($sp)	#PUSH
	subu  $sp, $sp, 4
	la    $t0, -8($fp)
	sw    $t0, 0($sp)	#PUSH
	subu  $sp, $sp, 4
	lw    $t1, 4($sp)	#POP
	addu  $sp, $sp, 4
	lw    $t0, 4($sp)	#POP
	addu  $sp, $sp, 4
	sw    $t0, 0($t1)
	sw    $t0, 0($sp)	#PUSH
	subu  $sp, $sp, 4
	lw    $t0, 4($sp)	#POP
	addu  $sp, $sp, 4
	li    $t0, 138
	sw    $t0, 0($sp)	#PUSH
	subu  $sp, $sp, 4
	la    $t0, -8($fp)
	sw    $t0, 0($sp)	#PUSH
	subu  $sp, $sp, 4
	lw    $t1, 4($sp)	#POP
	addu  $sp, $sp, 4
	lw    $t0, 4($sp)	#POP
	addu  $sp, $sp, 4
	sw    $t0, 0($t1)
	sw    $t0, 0($sp)	#PUSH
	subu  $sp, $sp, 4
	lw    $t0, 4($sp)	#POP
	addu  $sp, $sp, 4
	li    $t0, 142
	sw    $t0, 0($sp)	#PUSH
	subu  $sp, $sp, 4
	la    $t0, -8($fp)
	sw    $t0, 0($sp)	#PUSH
	subu  $sp, $sp, 4
	lw    $t1, 4($sp)	#POP
	addu  $sp, $sp, 4
	lw    $t0, 4($sp)	#POP
	addu  $sp, $sp, 4
	sw    $t0, 0($t1)
	sw    $t0, 0($sp)	#PUSH
	subu  $sp, $sp, 4
	lw    $t0, 4($sp)	#POP
	addu  $sp, $sp, 4
	li    $t0, 142
	sw    $t0, 0($sp)	#PUSH
	subu  $sp, $sp, 4
	la    $t0, -8($fp)
	sw    $t0, 0($sp)	#PUSH
	subu  $sp, $sp, 4
	lw    $t1, 4($sp)	#POP
	addu  $sp, $sp, 4
	lw    $t0, 4($sp)	#POP
	addu  $sp, $sp, 4
	sw    $t0, 0($t1)
	sw    $t0, 0($sp)	#PUSH
	subu  $sp, $sp, 4
	lw    $t0, 4($sp)	#POP
	addu  $sp, $sp, 4
	li    $t0, 151
	sw    $t0, 0($sp)	#PUSH
	subu  $sp, $sp, 4
	la    $t0, -8($fp)
	sw    $t0, 0($sp)	#PUSH
	subu  $sp, $sp, 4
	lw    $t1, 4($sp)	#POP
	addu  $sp, $sp, 4
	lw    $t0, 4($sp)	#POP
	addu  $sp, $sp, 4
	sw    $t0, 0($t1)
	sw    $t0, 0($sp)	#PUSH
	subu  $sp, $sp, 4
	lw    $t0, 4($sp)	#POP
	addu  $sp, $sp, 4
	li    $t0, 187
	sw    $t0, 0($sp)	#PUSH
	subu  $sp, $sp, 4
	la    $t0, -8($fp)
	sw    $t0, 0($sp)	#PUSH
	subu  $sp, $sp, 4
	lw    $t1, 4($sp)	#POP
	addu  $sp, $sp, 4
	lw    $t0, 4($sp)	#POP
	addu  $sp, $sp, 4
	sw    $t0, 0($t1)
	sw    $t0, 0($sp)	#PUSH
	subu  $sp, $sp, 4
	lw    $t0, 4($sp)	#POP
	addu  $sp, $sp, 4
	li    $t0, 287
	sw    $t0, 0($sp)	#PUSH
	subu  $sp, $sp, 4
	la    $t0, -8($fp)
	sw    $t0, 0($sp)	#PUSH
	subu  $sp, $sp, 4
	lw    $t1, 4($sp)	#POP
	addu  $sp, $sp, 4
	lw    $t0, 4($sp)	#POP
	addu  $sp, $sp, 4
	sw    $t0, 0($t1)
	sw    $t0, 0($sp)	#PUSH
	subu  $sp, $sp, 4
	lw    $t0, 4($sp)	#POP
	addu  $sp, $sp, 4
	li    $t0, 771
	sw    $t0, 0($sp)	#PUSH
	subu  $sp, $sp, 4
	la    $t0, -8($fp)
	sw    $t0, 0($sp)	#PUSH
	subu  $sp, $sp, 4
	lw    $t1, 4($sp)	#POP
	addu  $sp, $sp, 4
	lw    $t0, 4($sp)	#POP
	addu  $sp, $sp, 4
	sw    $t0, 0($t1)
	sw    $t0, 0($sp)	#PUSH
	subu  $sp, $sp, 4
	lw    $t0, 4($sp)	#POP
	addu  $sp, $sp, 4
	li    $t0, 940
	sw    $t0, 0($sp)	#PUSH
	subu  $sp, $sp, 4
	la    $t0, -8($fp)
	sw    $t0, 0($sp)	#PUSH
	subu  $sp, $sp, 4
	lw    $t1, 4($sp)	#POP
	addu  $sp, $sp, 4
	lw    $t0, 4($sp)	#POP
	addu  $sp, $sp, 4
	sw    $t0, 0($t1)
	sw    $t0, 0($sp)	#PUSH
	subu  $sp, $sp, 4
	lw    $t0, 4($sp)	#POP
	addu  $sp, $sp, 4
	li    $t0, 3644
	sw    $t0, 0($sp)	#PUSH
	subu  $sp, $sp, 4
	la    $t0, -8($fp)
	sw    $t0, 0($sp)	#PUSH
	subu  $sp, $sp, 4
	lw    $t1, 4($sp)	#POP
	addu  $sp, $sp, 4
	lw    $t0, 4($sp)	#POP
	addu  $sp, $sp, 4
	sw    $t0, 0($t1)
	sw    $t0, 0($sp)	#PUSH
	subu  $sp, $sp, 4
	lw    $t0, 4($sp)	#POP
	addu  $sp, $sp, 4
	li    $t0, 6453
	sw    $t0, 0($sp)	#PUSH
	subu  $sp, $sp, 4
	la    $t0, -8($fp)
	sw    $t0, 0($sp)	#PUSH
	subu  $sp, $sp, 4
	lw    $t1, 4($sp)	#POP
	addu  $sp, $sp, 4
	lw    $t0, 4($sp)	#POP
	addu  $sp, $sp, 4
	sw    $t0, 0($t1)
	sw    $t0, 0($sp)	#PUSH
	subu  $sp, $sp, 4
	lw    $t0, 4($sp)	#POP
	addu  $sp, $sp, 4
	li    $t0, 6678
	sw    $t0, 0($sp)	#PUSH
	subu  $sp, $sp, 4
	la    $t0, -8($fp)
	sw    $t0, 0($sp)	#PUSH
	subu  $sp, $sp, 4
	lw    $t1, 4($sp)	#POP
	addu  $sp, $sp, 4
	lw    $t0, 4($sp)	#POP
	addu  $sp, $sp, 4
	sw    $t0, 0($t1)
	sw    $t0, 0($sp)	#PUSH
	subu  $sp, $sp, 4
	lw    $t0, 4($sp)	#POP
	addu  $sp, $sp, 4
	li    $t0, 13567
	sw    $t0, 0($sp)	#PUSH
	subu  $sp, $sp, 4
	la    $t0, -8($fp)
	sw    $t0, 0($sp)	#PUSH
	subu  $sp, $sp, 4
	lw    $t1, 4($sp)	#POP
	addu  $sp, $sp, 4
	lw    $t0, 4($sp)	#POP
	addu  $sp, $sp, 4
	sw    $t0, 0($t1)
	sw    $t0, 0($sp)	#PUSH
	subu  $sp, $sp, 4
	lw    $t0, 4($sp)	#POP
	addu  $sp, $sp, 4
	li    $a0, 13567
	li    $v0, 1
	syscall
	lw    $t0, -8($fp)
	sw    $t0, 0($sp)	#PUSH
	subu  $sp, $sp, 4
	lw    $v0, 4($sp)	#POP
	addu  $sp, $sp, 4
	lw    $ra, 0($fp)
	move  $t0, $fp
	lw    $fp, -4($fp)
	move  $sp, $t0
	li    $v0, 10
	syscall
