	.text
	.globl main
main:
	sw    $ra, 0($sp)	#PUSH
	subu  $sp, $sp, 4
	sw    $fp, 0($sp)	#PUSH
	subu  $sp, $sp, 4
	addu  $fp, $sp, 8
	subu  $sp, $sp, 20
	li    $t0, 0
	sw    $t0, 0($sp)	#PUSH
	subu  $sp, $sp, 4
	la    $t0, -8($fp)
	sw    $t0, 0($sp)	#PUSH
	subu  $sp, $sp, 4
	lw    $t1, 4($sp)	#POP
	addu  $sp, $sp, 4
	lw    $t0, 4($sp)	#POP
	addu  $sp, $sp, 4
	sw    $t0, 0($t1)
	sw    $t0, 0($sp)	#PUSH
	subu  $sp, $sp, 4
	lw    $t0, 4($sp)	#POP
	addu  $sp, $sp, 4
	li    $t0, 2837492
	sw    $t0, 0($sp)	#PUSH
	subu  $sp, $sp, 4
	la    $t0, -12($fp)
	sw    $t0, 0($sp)	#PUSH
	subu  $sp, $sp, 4
	lw    $t1, 4($sp)	#POP
	addu  $sp, $sp, 4
	lw    $t0, 4($sp)	#POP
	addu  $sp, $sp, 4
	sw    $t0, 0($t1)
	sw    $t0, 0($sp)	#PUSH
	subu  $sp, $sp, 4
	lw    $t0, 4($sp)	#POP
	addu  $sp, $sp, 4
	li    $t0, 2837492
	sw    $t0, 0($sp)	#PUSH
	subu  $sp, $sp, 4
	la    $t0, -8($fp)
	sw    $t0, 0($sp)	#PUSH
	subu  $sp, $sp, 4
	lw    $t1, 4($sp)	#POP
	addu  $sp, $sp, 4
	lw    $t0, 4($sp)	#POP
	addu  $sp, $sp, 4
	sw    $t0, 0($t1)
	sw    $t0, 0($sp)	#PUSH
	subu  $sp, $sp, 4
	lw    $t0, 4($sp)	#POP
	addu  $sp, $sp, 4
	li    $t0, 168236234
	sw    $t0, 0($sp)	#PUSH
	subu  $sp, $sp, 4
	la    $t0, -16($fp)
	sw    $t0, 0($sp)	#PUSH
	subu  $sp, $sp, 4
	lw    $t1, 4($sp)	#POP
	addu  $sp, $sp, 4
	lw    $t0, 4($sp)	#POP
	addu  $sp, $sp, 4
	sw    $t0, 0($t1)
	sw    $t0, 0($sp)	#PUSH
	subu  $sp, $sp, 4
	lw    $t0, 4($sp)	#POP
	addu  $sp, $sp, 4
	lw    $t0, -16($fp)
	sw    $t0, 0($sp)	#PUSH
	subu  $sp, $sp, 4
	li    $t0, 0
	sw    $t0, 0($sp)	#PUSH
	subu  $sp, $sp, 4
	lw    $t1, 4($sp)	#POP
	addu  $sp, $sp, 4
	lw    $t0, 4($sp)	#POP
	addu  $sp, $sp, 4
	bgt   $t0, $t1, .L1
.L0:
	li    $t0, 0
	b     .L2
.L1:
	li    $t0, 1
.L2:
	sw    $t0, 0($sp)	#PUSH
	subu  $sp, $sp, 4
	lw    $t0, 4($sp)	#POP
	addu  $sp, $sp, 4
	beq   $t0, 0, .L4
.L3:
	li    $t0, 0
	sw    $t0, 0($sp)	#PUSH
	subu  $sp, $sp, 4
	la    $t0, -8($fp)
	sw    $t0, 0($sp)	#PUSH
	subu  $sp, $sp, 4
	lw    $t1, 4($sp)	#POP
	addu  $sp, $sp, 4
	lw    $t0, 4($sp)	#POP
	addu  $sp, $sp, 4
	sw    $t0, 0($t1)
	sw    $t0, 0($sp)	#PUSH
	subu  $sp, $sp, 4
	lw    $t0, 4($sp)	#POP
	addu  $sp, $sp, 4
	li    $t0, 0
	sw    $t0, 0($sp)	#PUSH
	subu  $sp, $sp, 4
	la    $t0, -16($fp)
	sw    $t0, 0($sp)	#PUSH
	subu  $sp, $sp, 4
	lw    $t1, 4($sp)	#POP
	addu  $sp, $sp, 4
	lw    $t0, 4($sp)	#POP
	addu  $sp, $sp, 4
	sw    $t0, 0($t1)
	sw    $t0, 0($sp)	#PUSH
	subu  $sp, $sp, 4
	lw    $t0, 4($sp)	#POP
	addu  $sp, $sp, 4
	lw    $t0, -16($fp)
	sw    $t0, 0($sp)	#PUSH
	subu  $sp, $sp, 4
	li    $t0, 0
	sw    $t0, 0($sp)	#PUSH
	subu  $sp, $sp, 4
	lw    $t1, 4($sp)	#POP
	addu  $sp, $sp, 4
	lw    $t0, 4($sp)	#POP
	addu  $sp, $sp, 4
	bgt   $t0, $t1, .L6
.L5:
	li    $t0, 0
	b     .L7
.L6:
	li    $t0, 1
.L7:
	sw    $t0, 0($sp)	#PUSH
	subu  $sp, $sp, 4
	lw    $t0, 4($sp)	#POP
	addu  $sp, $sp, 4
	bne   $t0, 0, .L3
.L4:
	li    $a0, 2837492
	li    $v0, 1
	syscall
	lw    $ra, 0($fp)
	move  $t0, $fp
	lw    $fp, -4($fp)
	move  $sp, $t0
	li    $v0, 10
	syscall
