	.text
	.globl main
main:
	sw    $ra, 0($sp)	#PUSH
	subu  $sp, $sp, 4
	sw    $fp, 0($sp)	#PUSH
	subu  $sp, $sp, 4
	addu  $fp, $sp, 8
	subu  $sp, $sp, 132
	li    $t0, 2
	sw    $t0, 0($sp)	#PUSH
	subu  $sp, $sp, 4
	la    $t0, -12($fp)
	sw    $t0, 0($sp)	#PUSH
	subu  $sp, $sp, 4
	lw    $t1, 4($sp)	#POP
	addu  $sp, $sp, 4
	lw    $t0, 4($sp)	#POP
	addu  $sp, $sp, 4
	sw    $t0, 0($t1)
	sw    $t0, 0($sp)	#PUSH
	subu  $sp, $sp, 4
	lw    $t0, 4($sp)	#POP
	addu  $sp, $sp, 4
	li    $t0, 6
	sw    $t0, 0($sp)	#PUSH
	subu  $sp, $sp, 4
	la    $t0, -16($fp)
	sw    $t0, 0($sp)	#PUSH
	subu  $sp, $sp, 4
	lw    $t1, 4($sp)	#POP
	addu  $sp, $sp, 4
	lw    $t0, 4($sp)	#POP
	addu  $sp, $sp, 4
	sw    $t0, 0($t1)
	sw    $t0, 0($sp)	#PUSH
	subu  $sp, $sp, 4
	lw    $t0, 4($sp)	#POP
	addu  $sp, $sp, 4
	li    $t0, 7
	sw    $t0, 0($sp)	#PUSH
	subu  $sp, $sp, 4
	la    $t0, -20($fp)
	sw    $t0, 0($sp)	#PUSH
	subu  $sp, $sp, 4
	lw    $t1, 4($sp)	#POP
	addu  $sp, $sp, 4
	lw    $t0, 4($sp)	#POP
	addu  $sp, $sp, 4
	sw    $t0, 0($t1)
	sw    $t0, 0($sp)	#PUSH
	subu  $sp, $sp, 4
	lw    $t0, 4($sp)	#POP
	addu  $sp, $sp, 4
	li    $t0, 9
	sw    $t0, 0($sp)	#PUSH
	subu  $sp, $sp, 4
	la    $t0, -24($fp)
	sw    $t0, 0($sp)	#PUSH
	subu  $sp, $sp, 4
	lw    $t1, 4($sp)	#POP
	addu  $sp, $sp, 4
	lw    $t0, 4($sp)	#POP
	addu  $sp, $sp, 4
	sw    $t0, 0($t1)
	sw    $t0, 0($sp)	#PUSH
	subu  $sp, $sp, 4
	lw    $t0, 4($sp)	#POP
	addu  $sp, $sp, 4
	li    $t0, 2
	sw    $t0, 0($sp)	#PUSH
	subu  $sp, $sp, 4
	la    $t0, -28($fp)
	sw    $t0, 0($sp)	#PUSH
	subu  $sp, $sp, 4
	lw    $t1, 4($sp)	#POP
	addu  $sp, $sp, 4
	lw    $t0, 4($sp)	#POP
	addu  $sp, $sp, 4
	sw    $t0, 0($t1)
	sw    $t0, 0($sp)	#PUSH
	subu  $sp, $sp, 4
	lw    $t0, 4($sp)	#POP
	addu  $sp, $sp, 4
	li    $t0, 0
	sw    $t0, 0($sp)	#PUSH
	subu  $sp, $sp, 4
	la    $t0, -32($fp)
	sw    $t0, 0($sp)	#PUSH
	subu  $sp, $sp, 4
	lw    $t1, 4($sp)	#POP
	addu  $sp, $sp, 4
	lw    $t0, 4($sp)	#POP
	addu  $sp, $sp, 4
	sw    $t0, 0($t1)
	sw    $t0, 0($sp)	#PUSH
	subu  $sp, $sp, 4
	lw    $t0, 4($sp)	#POP
	addu  $sp, $sp, 4
	li    $t0, 7
	sw    $t0, 0($sp)	#PUSH
	subu  $sp, $sp, 4
	la    $t0, -36($fp)
	sw    $t0, 0($sp)	#PUSH
	subu  $sp, $sp, 4
	lw    $t1, 4($sp)	#POP
	addu  $sp, $sp, 4
	lw    $t0, 4($sp)	#POP
	addu  $sp, $sp, 4
	sw    $t0, 0($t1)
	sw    $t0, 0($sp)	#PUSH
	subu  $sp, $sp, 4
	lw    $t0, 4($sp)	#POP
	addu  $sp, $sp, 4
	li    $t0, 6
	sw    $t0, 0($sp)	#PUSH
	subu  $sp, $sp, 4
	la    $t0, -40($fp)
	sw    $t0, 0($sp)	#PUSH
	subu  $sp, $sp, 4
	lw    $t1, 4($sp)	#POP
	addu  $sp, $sp, 4
	lw    $t0, 4($sp)	#POP
	addu  $sp, $sp, 4
	sw    $t0, 0($t1)
	sw    $t0, 0($sp)	#PUSH
	subu  $sp, $sp, 4
	lw    $t0, 4($sp)	#POP
	addu  $sp, $sp, 4
	li    $t0, 10
	sw    $t0, 0($sp)	#PUSH
	subu  $sp, $sp, 4
	la    $t0, -44($fp)
	sw    $t0, 0($sp)	#PUSH
	subu  $sp, $sp, 4
	lw    $t1, 4($sp)	#POP
	addu  $sp, $sp, 4
	lw    $t0, 4($sp)	#POP
	addu  $sp, $sp, 4
	sw    $t0, 0($t1)
	sw    $t0, 0($sp)	#PUSH
	subu  $sp, $sp, 4
	lw    $t0, 4($sp)	#POP
	addu  $sp, $sp, 4
	li    $t0, 22
	sw    $t0, 0($sp)	#PUSH
	subu  $sp, $sp, 4
	la    $t0, -48($fp)
	sw    $t0, 0($sp)	#PUSH
	subu  $sp, $sp, 4
	lw    $t1, 4($sp)	#POP
	addu  $sp, $sp, 4
	lw    $t0, 4($sp)	#POP
	addu  $sp, $sp, 4
	sw    $t0, 0($t1)
	sw    $t0, 0($sp)	#PUSH
	subu  $sp, $sp, 4
	lw    $t0, 4($sp)	#POP
	addu  $sp, $sp, 4
	li    $t0, 13
	sw    $t0, 0($sp)	#PUSH
	subu  $sp, $sp, 4
	la    $t0, -52($fp)
	sw    $t0, 0($sp)	#PUSH
	subu  $sp, $sp, 4
	lw    $t1, 4($sp)	#POP
	addu  $sp, $sp, 4
	lw    $t0, 4($sp)	#POP
	addu  $sp, $sp, 4
	sw    $t0, 0($t1)
	sw    $t0, 0($sp)	#PUSH
	subu  $sp, $sp, 4
	lw    $t0, 4($sp)	#POP
	addu  $sp, $sp, 4
	li    $t0, 0
	sw    $t0, 0($sp)	#PUSH
	subu  $sp, $sp, 4
	la    $t0, -8($fp)
	sw    $t0, 0($sp)	#PUSH
	subu  $sp, $sp, 4
	lw    $t1, 4($sp)	#POP
	addu  $sp, $sp, 4
	lw    $t0, 4($sp)	#POP
	addu  $sp, $sp, 4
	sw    $t0, 0($t1)
	sw    $t0, 0($sp)	#PUSH
	subu  $sp, $sp, 4
	lw    $t0, 4($sp)	#POP
	addu  $sp, $sp, 4
	li    $t0, 7
	sw    $t0, 0($sp)	#PUSH
	subu  $sp, $sp, 4
	la    $t0, -56($fp)
	sw    $t0, 0($sp)	#PUSH
	subu  $sp, $sp, 4
	lw    $t1, 4($sp)	#POP
	addu  $sp, $sp, 4
	lw    $t0, 4($sp)	#POP
	addu  $sp, $sp, 4
	sw    $t0, 0($t1)
	sw    $t0, 0($sp)	#PUSH
	subu  $sp, $sp, 4
	lw    $t0, 4($sp)	#POP
	addu  $sp, $sp, 4
	li    $t0, 53
	sw    $t0, 0($sp)	#PUSH
	subu  $sp, $sp, 4
	la    $t0, -60($fp)
	sw    $t0, 0($sp)	#PUSH
	subu  $sp, $sp, 4
	lw    $t1, 4($sp)	#POP
	addu  $sp, $sp, 4
	lw    $t0, 4($sp)	#POP
	addu  $sp, $sp, 4
	sw    $t0, 0($t1)
	sw    $t0, 0($sp)	#PUSH
	subu  $sp, $sp, 4
	lw    $t0, 4($sp)	#POP
	addu  $sp, $sp, 4
	li    $t0, 7
	sw    $t0, 0($sp)	#PUSH
	subu  $sp, $sp, 4
	la    $t0, -64($fp)
	sw    $t0, 0($sp)	#PUSH
	subu  $sp, $sp, 4
	lw    $t1, 4($sp)	#POP
	addu  $sp, $sp, 4
	lw    $t0, 4($sp)	#POP
	addu  $sp, $sp, 4
	sw    $t0, 0($t1)
	sw    $t0, 0($sp)	#PUSH
	subu  $sp, $sp, 4
	lw    $t0, 4($sp)	#POP
	addu  $sp, $sp, 4
	li    $t0, 83
	sw    $t0, 0($sp)	#PUSH
	subu  $sp, $sp, 4
	la    $t0, -68($fp)
	sw    $t0, 0($sp)	#PUSH
	subu  $sp, $sp, 4
	lw    $t1, 4($sp)	#POP
	addu  $sp, $sp, 4
	lw    $t0, 4($sp)	#POP
	addu  $sp, $sp, 4
	sw    $t0, 0($t1)
	sw    $t0, 0($sp)	#PUSH
	subu  $sp, $sp, 4
	lw    $t0, 4($sp)	#POP
	addu  $sp, $sp, 4
	li    $t0, 2
	sw    $t0, 0($sp)	#PUSH
	subu  $sp, $sp, 4
	la    $t0, -72($fp)
	sw    $t0, 0($sp)	#PUSH
	subu  $sp, $sp, 4
	lw    $t1, 4($sp)	#POP
	addu  $sp, $sp, 4
	lw    $t0, 4($sp)	#POP
	addu  $sp, $sp, 4
	sw    $t0, 0($t1)
	sw    $t0, 0($sp)	#PUSH
	subu  $sp, $sp, 4
	lw    $t0, 4($sp)	#POP
	addu  $sp, $sp, 4
	li    $t0, 6
	sw    $t0, 0($sp)	#PUSH
	subu  $sp, $sp, 4
	la    $t0, -76($fp)
	sw    $t0, 0($sp)	#PUSH
	subu  $sp, $sp, 4
	lw    $t1, 4($sp)	#POP
	addu  $sp, $sp, 4
	lw    $t0, 4($sp)	#POP
	addu  $sp, $sp, 4
	sw    $t0, 0($t1)
	sw    $t0, 0($sp)	#PUSH
	subu  $sp, $sp, 4
	lw    $t0, 4($sp)	#POP
	addu  $sp, $sp, 4
	li    $t0, 7
	sw    $t0, 0($sp)	#PUSH
	subu  $sp, $sp, 4
	la    $t0, -80($fp)
	sw    $t0, 0($sp)	#PUSH
	subu  $sp, $sp, 4
	lw    $t1, 4($sp)	#POP
	addu  $sp, $sp, 4
	lw    $t0, 4($sp)	#POP
	addu  $sp, $sp, 4
	sw    $t0, 0($t1)
	sw    $t0, 0($sp)	#PUSH
	subu  $sp, $sp, 4
	lw    $t0, 4($sp)	#POP
	addu  $sp, $sp, 4
	li    $t0, 9
	sw    $t0, 0($sp)	#PUSH
	subu  $sp, $sp, 4
	la    $t0, -84($fp)
	sw    $t0, 0($sp)	#PUSH
	subu  $sp, $sp, 4
	lw    $t1, 4($sp)	#POP
	addu  $sp, $sp, 4
	lw    $t0, 4($sp)	#POP
	addu  $sp, $sp, 4
	sw    $t0, 0($t1)
	sw    $t0, 0($sp)	#PUSH
	subu  $sp, $sp, 4
	lw    $t0, 4($sp)	#POP
	addu  $sp, $sp, 4
	li    $t0, 2
	sw    $t0, 0($sp)	#PUSH
	subu  $sp, $sp, 4
	la    $t0, -88($fp)
	sw    $t0, 0($sp)	#PUSH
	subu  $sp, $sp, 4
	lw    $t1, 4($sp)	#POP
	addu  $sp, $sp, 4
	lw    $t0, 4($sp)	#POP
	addu  $sp, $sp, 4
	sw    $t0, 0($t1)
	sw    $t0, 0($sp)	#PUSH
	subu  $sp, $sp, 4
	lw    $t0, 4($sp)	#POP
	addu  $sp, $sp, 4
	li    $t0, 0
	sw    $t0, 0($sp)	#PUSH
	subu  $sp, $sp, 4
	la    $t0, -92($fp)
	sw    $t0, 0($sp)	#PUSH
	subu  $sp, $sp, 4
	lw    $t1, 4($sp)	#POP
	addu  $sp, $sp, 4
	lw    $t0, 4($sp)	#POP
	addu  $sp, $sp, 4
	sw    $t0, 0($t1)
	sw    $t0, 0($sp)	#PUSH
	subu  $sp, $sp, 4
	lw    $t0, 4($sp)	#POP
	addu  $sp, $sp, 4
	li    $t0, 3
	sw    $t0, 0($sp)	#PUSH
	subu  $sp, $sp, 4
	la    $t0, -96($fp)
	sw    $t0, 0($sp)	#PUSH
	subu  $sp, $sp, 4
	lw    $t1, 4($sp)	#POP
	addu  $sp, $sp, 4
	lw    $t0, 4($sp)	#POP
	addu  $sp, $sp, 4
	sw    $t0, 0($t1)
	sw    $t0, 0($sp)	#PUSH
	subu  $sp, $sp, 4
	lw    $t0, 4($sp)	#POP
	addu  $sp, $sp, 4
	li    $t0, 6
	sw    $t0, 0($sp)	#PUSH
	subu  $sp, $sp, 4
	la    $t0, -100($fp)
	sw    $t0, 0($sp)	#PUSH
	subu  $sp, $sp, 4
	lw    $t1, 4($sp)	#POP
	addu  $sp, $sp, 4
	lw    $t0, 4($sp)	#POP
	addu  $sp, $sp, 4
	sw    $t0, 0($t1)
	sw    $t0, 0($sp)	#PUSH
	subu  $sp, $sp, 4
	lw    $t0, 4($sp)	#POP
	addu  $sp, $sp, 4
	li    $t0, 10
	sw    $t0, 0($sp)	#PUSH
	subu  $sp, $sp, 4
	la    $t0, -104($fp)
	sw    $t0, 0($sp)	#PUSH
	subu  $sp, $sp, 4
	lw    $t1, 4($sp)	#POP
	addu  $sp, $sp, 4
	lw    $t0, 4($sp)	#POP
	addu  $sp, $sp, 4
	sw    $t0, 0($t1)
	sw    $t0, 0($sp)	#PUSH
	subu  $sp, $sp, 4
	lw    $t0, 4($sp)	#POP
	addu  $sp, $sp, 4
	li    $t0, 22
	sw    $t0, 0($sp)	#PUSH
	subu  $sp, $sp, 4
	la    $t0, -108($fp)
	sw    $t0, 0($sp)	#PUSH
	subu  $sp, $sp, 4
	lw    $t1, 4($sp)	#POP
	addu  $sp, $sp, 4
	lw    $t0, 4($sp)	#POP
	addu  $sp, $sp, 4
	sw    $t0, 0($t1)
	sw    $t0, 0($sp)	#PUSH
	subu  $sp, $sp, 4
	lw    $t0, 4($sp)	#POP
	addu  $sp, $sp, 4
	li    $t0, 13
	sw    $t0, 0($sp)	#PUSH
	subu  $sp, $sp, 4
	la    $t0, -112($fp)
	sw    $t0, 0($sp)	#PUSH
	subu  $sp, $sp, 4
	lw    $t1, 4($sp)	#POP
	addu  $sp, $sp, 4
	lw    $t0, 4($sp)	#POP
	addu  $sp, $sp, 4
	sw    $t0, 0($t1)
	sw    $t0, 0($sp)	#PUSH
	subu  $sp, $sp, 4
	lw    $t0, 4($sp)	#POP
	addu  $sp, $sp, 4
	li    $t0, 7
	sw    $t0, 0($sp)	#PUSH
	subu  $sp, $sp, 4
	la    $t0, -116($fp)
	sw    $t0, 0($sp)	#PUSH
	subu  $sp, $sp, 4
	lw    $t1, 4($sp)	#POP
	addu  $sp, $sp, 4
	lw    $t0, 4($sp)	#POP
	addu  $sp, $sp, 4
	sw    $t0, 0($t1)
	sw    $t0, 0($sp)	#PUSH
	subu  $sp, $sp, 4
	lw    $t0, 4($sp)	#POP
	addu  $sp, $sp, 4
	li    $t0, 53
	sw    $t0, 0($sp)	#PUSH
	subu  $sp, $sp, 4
	la    $t0, -120($fp)
	sw    $t0, 0($sp)	#PUSH
	subu  $sp, $sp, 4
	lw    $t1, 4($sp)	#POP
	addu  $sp, $sp, 4
	lw    $t0, 4($sp)	#POP
	addu  $sp, $sp, 4
	sw    $t0, 0($t1)
	sw    $t0, 0($sp)	#PUSH
	subu  $sp, $sp, 4
	lw    $t0, 4($sp)	#POP
	addu  $sp, $sp, 4
	li    $t0, 7
	sw    $t0, 0($sp)	#PUSH
	subu  $sp, $sp, 4
	la    $t0, -124($fp)
	sw    $t0, 0($sp)	#PUSH
	subu  $sp, $sp, 4
	lw    $t1, 4($sp)	#POP
	addu  $sp, $sp, 4
	lw    $t0, 4($sp)	#POP
	addu  $sp, $sp, 4
	sw    $t0, 0($t1)
	sw    $t0, 0($sp)	#PUSH
	subu  $sp, $sp, 4
	lw    $t0, 4($sp)	#POP
	addu  $sp, $sp, 4
	li    $t0, 7
	sw    $t0, 0($sp)	#PUSH
	subu  $sp, $sp, 4
	la    $t0, -128($fp)
	sw    $t0, 0($sp)	#PUSH
	subu  $sp, $sp, 4
	lw    $t1, 4($sp)	#POP
	addu  $sp, $sp, 4
	lw    $t0, 4($sp)	#POP
	addu  $sp, $sp, 4
	sw    $t0, 0($t1)
	sw    $t0, 0($sp)	#PUSH
	subu  $sp, $sp, 4
	lw    $t0, 4($sp)	#POP
	addu  $sp, $sp, 4
	beq   $t0, 0, .L0
	li    $t0, 0
	sw    $t0, 0($sp)	#PUSH
	subu  $sp, $sp, 4
	la    $t0, -12($fp)
	sw    $t0, 0($sp)	#PUSH
	subu  $sp, $sp, 4
	lw    $t1, 4($sp)	#POP
	addu  $sp, $sp, 4
	lw    $t0, 4($sp)	#POP
	addu  $sp, $sp, 4
	sw    $t0, 0($t1)
	sw    $t0, 0($sp)	#PUSH
	subu  $sp, $sp, 4
	lw    $t0, 4($sp)	#POP
	addu  $sp, $sp, 4
.L0:
	beq   $t0, 0, .L1
	li    $t0, 0
	sw    $t0, 0($sp)	#PUSH
	subu  $sp, $sp, 4
	la    $t0, -16($fp)
	sw    $t0, 0($sp)	#PUSH
	subu  $sp, $sp, 4
	lw    $t1, 4($sp)	#POP
	addu  $sp, $sp, 4
	lw    $t0, 4($sp)	#POP
	addu  $sp, $sp, 4
	sw    $t0, 0($t1)
	sw    $t0, 0($sp)	#PUSH
	subu  $sp, $sp, 4
	lw    $t0, 4($sp)	#POP
	addu  $sp, $sp, 4
.L1:
	beq   $t0, 0, .L2
	li    $t0, 0
	sw    $t0, 0($sp)	#PUSH
	subu  $sp, $sp, 4
	la    $t0, -20($fp)
	sw    $t0, 0($sp)	#PUSH
	subu  $sp, $sp, 4
	lw    $t1, 4($sp)	#POP
	addu  $sp, $sp, 4
	lw    $t0, 4($sp)	#POP
	addu  $sp, $sp, 4
	sw    $t0, 0($t1)
	sw    $t0, 0($sp)	#PUSH
	subu  $sp, $sp, 4
	lw    $t0, 4($sp)	#POP
	addu  $sp, $sp, 4
.L2:
	beq   $t0, 0, .L3
	li    $t0, 0
	sw    $t0, 0($sp)	#PUSH
	subu  $sp, $sp, 4
	la    $t0, -24($fp)
	sw    $t0, 0($sp)	#PUSH
	subu  $sp, $sp, 4
	lw    $t1, 4($sp)	#POP
	addu  $sp, $sp, 4
	lw    $t0, 4($sp)	#POP
	addu  $sp, $sp, 4
	sw    $t0, 0($t1)
	sw    $t0, 0($sp)	#PUSH
	subu  $sp, $sp, 4
	lw    $t0, 4($sp)	#POP
	addu  $sp, $sp, 4
.L3:
	beq   $t0, 0, .L4
	li    $t0, 0
	sw    $t0, 0($sp)	#PUSH
	subu  $sp, $sp, 4
	la    $t0, -28($fp)
	sw    $t0, 0($sp)	#PUSH
	subu  $sp, $sp, 4
	lw    $t1, 4($sp)	#POP
	addu  $sp, $sp, 4
	lw    $t0, 4($sp)	#POP
	addu  $sp, $sp, 4
	sw    $t0, 0($t1)
	sw    $t0, 0($sp)	#PUSH
	subu  $sp, $sp, 4
	lw    $t0, 4($sp)	#POP
	addu  $sp, $sp, 4
.L4:
	beq   $t0, 0, .L5
	li    $t0, 0
	sw    $t0, 0($sp)	#PUSH
	subu  $sp, $sp, 4
	la    $t0, -32($fp)
	sw    $t0, 0($sp)	#PUSH
	subu  $sp, $sp, 4
	lw    $t1, 4($sp)	#POP
	addu  $sp, $sp, 4
	lw    $t0, 4($sp)	#POP
	addu  $sp, $sp, 4
	sw    $t0, 0($t1)
	sw    $t0, 0($sp)	#PUSH
	subu  $sp, $sp, 4
	lw    $t0, 4($sp)	#POP
	addu  $sp, $sp, 4
.L5:
	beq   $t0, 0, .L6
	li    $t0, 0
	sw    $t0, 0($sp)	#PUSH
	subu  $sp, $sp, 4
	la    $t0, -36($fp)
	sw    $t0, 0($sp)	#PUSH
	subu  $sp, $sp, 4
	lw    $t1, 4($sp)	#POP
	addu  $sp, $sp, 4
	lw    $t0, 4($sp)	#POP
	addu  $sp, $sp, 4
	sw    $t0, 0($t1)
	sw    $t0, 0($sp)	#PUSH
	subu  $sp, $sp, 4
	lw    $t0, 4($sp)	#POP
	addu  $sp, $sp, 4
.L6:
	beq   $t0, 0, .L7
	li    $t0, 0
	sw    $t0, 0($sp)	#PUSH
	subu  $sp, $sp, 4
	la    $t0, -40($fp)
	sw    $t0, 0($sp)	#PUSH
	subu  $sp, $sp, 4
	lw    $t1, 4($sp)	#POP
	addu  $sp, $sp, 4
	lw    $t0, 4($sp)	#POP
	addu  $sp, $sp, 4
	sw    $t0, 0($t1)
	sw    $t0, 0($sp)	#PUSH
	subu  $sp, $sp, 4
	lw    $t0, 4($sp)	#POP
	addu  $sp, $sp, 4
.L7:
	beq   $t0, 0, .L8
	li    $t0, 0
	sw    $t0, 0($sp)	#PUSH
	subu  $sp, $sp, 4
	la    $t0, -44($fp)
	sw    $t0, 0($sp)	#PUSH
	subu  $sp, $sp, 4
	lw    $t1, 4($sp)	#POP
	addu  $sp, $sp, 4
	lw    $t0, 4($sp)	#POP
	addu  $sp, $sp, 4
	sw    $t0, 0($t1)
	sw    $t0, 0($sp)	#PUSH
	subu  $sp, $sp, 4
	lw    $t0, 4($sp)	#POP
	addu  $sp, $sp, 4
.L8:
	beq   $t0, 0, .L9
	li    $t0, 0
	sw    $t0, 0($sp)	#PUSH
	subu  $sp, $sp, 4
	la    $t0, -48($fp)
	sw    $t0, 0($sp)	#PUSH
	subu  $sp, $sp, 4
	lw    $t1, 4($sp)	#POP
	addu  $sp, $sp, 4
	lw    $t0, 4($sp)	#POP
	addu  $sp, $sp, 4
	sw    $t0, 0($t1)
	sw    $t0, 0($sp)	#PUSH
	subu  $sp, $sp, 4
	lw    $t0, 4($sp)	#POP
	addu  $sp, $sp, 4
.L9:
	beq   $t0, 0, .L10
	li    $t0, 0
	sw    $t0, 0($sp)	#PUSH
	subu  $sp, $sp, 4
	la    $t0, -52($fp)
	sw    $t0, 0($sp)	#PUSH
	subu  $sp, $sp, 4
	lw    $t1, 4($sp)	#POP
	addu  $sp, $sp, 4
	lw    $t0, 4($sp)	#POP
	addu  $sp, $sp, 4
	sw    $t0, 0($t1)
	sw    $t0, 0($sp)	#PUSH
	subu  $sp, $sp, 4
	lw    $t0, 4($sp)	#POP
	addu  $sp, $sp, 4
.L10:
	beq   $t0, 0, .L11
	li    $t0, 0
	sw    $t0, 0($sp)	#PUSH
	subu  $sp, $sp, 4
	la    $t0, -56($fp)
	sw    $t0, 0($sp)	#PUSH
	subu  $sp, $sp, 4
	lw    $t1, 4($sp)	#POP
	addu  $sp, $sp, 4
	lw    $t0, 4($sp)	#POP
	addu  $sp, $sp, 4
	sw    $t0, 0($t1)
	sw    $t0, 0($sp)	#PUSH
	subu  $sp, $sp, 4
	lw    $t0, 4($sp)	#POP
	addu  $sp, $sp, 4
.L11:
	beq   $t0, 0, .L12
	li    $t0, 0
	sw    $t0, 0($sp)	#PUSH
	subu  $sp, $sp, 4
	la    $t0, -60($fp)
	sw    $t0, 0($sp)	#PUSH
	subu  $sp, $sp, 4
	lw    $t1, 4($sp)	#POP
	addu  $sp, $sp, 4
	lw    $t0, 4($sp)	#POP
	addu  $sp, $sp, 4
	sw    $t0, 0($t1)
	sw    $t0, 0($sp)	#PUSH
	subu  $sp, $sp, 4
	lw    $t0, 4($sp)	#POP
	addu  $sp, $sp, 4
.L12:
	beq   $t0, 0, .L13
	li    $t0, 0
	sw    $t0, 0($sp)	#PUSH
	subu  $sp, $sp, 4
	la    $t0, -64($fp)
	sw    $t0, 0($sp)	#PUSH
	subu  $sp, $sp, 4
	lw    $t1, 4($sp)	#POP
	addu  $sp, $sp, 4
	lw    $t0, 4($sp)	#POP
	addu  $sp, $sp, 4
	sw    $t0, 0($t1)
	sw    $t0, 0($sp)	#PUSH
	subu  $sp, $sp, 4
	lw    $t0, 4($sp)	#POP
	addu  $sp, $sp, 4
.L13:
	beq   $t0, 0, .L14
	li    $t0, 0
	sw    $t0, 0($sp)	#PUSH
	subu  $sp, $sp, 4
	la    $t0, -68($fp)
	sw    $t0, 0($sp)	#PUSH
	subu  $sp, $sp, 4
	lw    $t1, 4($sp)	#POP
	addu  $sp, $sp, 4
	lw    $t0, 4($sp)	#POP
	addu  $sp, $sp, 4
	sw    $t0, 0($t1)
	sw    $t0, 0($sp)	#PUSH
	subu  $sp, $sp, 4
	lw    $t0, 4($sp)	#POP
	addu  $sp, $sp, 4
.L14:
	beq   $t0, 0, .L15
	li    $t0, 0
	sw    $t0, 0($sp)	#PUSH
	subu  $sp, $sp, 4
	la    $t0, -72($fp)
	sw    $t0, 0($sp)	#PUSH
	subu  $sp, $sp, 4
	lw    $t1, 4($sp)	#POP
	addu  $sp, $sp, 4
	lw    $t0, 4($sp)	#POP
	addu  $sp, $sp, 4
	sw    $t0, 0($t1)
	sw    $t0, 0($sp)	#PUSH
	subu  $sp, $sp, 4
	lw    $t0, 4($sp)	#POP
	addu  $sp, $sp, 4
.L15:
	beq   $t0, 0, .L16
	li    $t0, 0
	sw    $t0, 0($sp)	#PUSH
	subu  $sp, $sp, 4
	la    $t0, -76($fp)
	sw    $t0, 0($sp)	#PUSH
	subu  $sp, $sp, 4
	lw    $t1, 4($sp)	#POP
	addu  $sp, $sp, 4
	lw    $t0, 4($sp)	#POP
	addu  $sp, $sp, 4
	sw    $t0, 0($t1)
	sw    $t0, 0($sp)	#PUSH
	subu  $sp, $sp, 4
	lw    $t0, 4($sp)	#POP
	addu  $sp, $sp, 4
.L16:
	beq   $t0, 0, .L17
	li    $t0, 0
	sw    $t0, 0($sp)	#PUSH
	subu  $sp, $sp, 4
	la    $t0, -80($fp)
	sw    $t0, 0($sp)	#PUSH
	subu  $sp, $sp, 4
	lw    $t1, 4($sp)	#POP
	addu  $sp, $sp, 4
	lw    $t0, 4($sp)	#POP
	addu  $sp, $sp, 4
	sw    $t0, 0($t1)
	sw    $t0, 0($sp)	#PUSH
	subu  $sp, $sp, 4
	lw    $t0, 4($sp)	#POP
	addu  $sp, $sp, 4
.L17:
	beq   $t0, 0, .L18
	li    $t0, 0
	sw    $t0, 0($sp)	#PUSH
	subu  $sp, $sp, 4
	la    $t0, -84($fp)
	sw    $t0, 0($sp)	#PUSH
	subu  $sp, $sp, 4
	lw    $t1, 4($sp)	#POP
	addu  $sp, $sp, 4
	lw    $t0, 4($sp)	#POP
	addu  $sp, $sp, 4
	sw    $t0, 0($t1)
	sw    $t0, 0($sp)	#PUSH
	subu  $sp, $sp, 4
	lw    $t0, 4($sp)	#POP
	addu  $sp, $sp, 4
.L18:
	beq   $t0, 0, .L19
	li    $t0, 0
	sw    $t0, 0($sp)	#PUSH
	subu  $sp, $sp, 4
	la    $t0, -88($fp)
	sw    $t0, 0($sp)	#PUSH
	subu  $sp, $sp, 4
	lw    $t1, 4($sp)	#POP
	addu  $sp, $sp, 4
	lw    $t0, 4($sp)	#POP
	addu  $sp, $sp, 4
	sw    $t0, 0($t1)
	sw    $t0, 0($sp)	#PUSH
	subu  $sp, $sp, 4
	lw    $t0, 4($sp)	#POP
	addu  $sp, $sp, 4
.L19:
	beq   $t0, 0, .L20
	li    $t0, 0
	sw    $t0, 0($sp)	#PUSH
	subu  $sp, $sp, 4
	la    $t0, -92($fp)
	sw    $t0, 0($sp)	#PUSH
	subu  $sp, $sp, 4
	lw    $t1, 4($sp)	#POP
	addu  $sp, $sp, 4
	lw    $t0, 4($sp)	#POP
	addu  $sp, $sp, 4
	sw    $t0, 0($t1)
	sw    $t0, 0($sp)	#PUSH
	subu  $sp, $sp, 4
	lw    $t0, 4($sp)	#POP
	addu  $sp, $sp, 4
.L20:
	beq   $t0, 0, .L21
	li    $t0, 0
	sw    $t0, 0($sp)	#PUSH
	subu  $sp, $sp, 4
	la    $t0, -96($fp)
	sw    $t0, 0($sp)	#PUSH
	subu  $sp, $sp, 4
	lw    $t1, 4($sp)	#POP
	addu  $sp, $sp, 4
	lw    $t0, 4($sp)	#POP
	addu  $sp, $sp, 4
	sw    $t0, 0($t1)
	sw    $t0, 0($sp)	#PUSH
	subu  $sp, $sp, 4
	lw    $t0, 4($sp)	#POP
	addu  $sp, $sp, 4
.L21:
	beq   $t0, 0, .L22
	li    $t0, 0
	sw    $t0, 0($sp)	#PUSH
	subu  $sp, $sp, 4
	la    $t0, -100($fp)
	sw    $t0, 0($sp)	#PUSH
	subu  $sp, $sp, 4
	lw    $t1, 4($sp)	#POP
	addu  $sp, $sp, 4
	lw    $t0, 4($sp)	#POP
	addu  $sp, $sp, 4
	sw    $t0, 0($t1)
	sw    $t0, 0($sp)	#PUSH
	subu  $sp, $sp, 4
	lw    $t0, 4($sp)	#POP
	addu  $sp, $sp, 4
.L22:
	beq   $t0, 0, .L23
	li    $t0, 0
	sw    $t0, 0($sp)	#PUSH
	subu  $sp, $sp, 4
	la    $t0, -104($fp)
	sw    $t0, 0($sp)	#PUSH
	subu  $sp, $sp, 4
	lw    $t1, 4($sp)	#POP
	addu  $sp, $sp, 4
	lw    $t0, 4($sp)	#POP
	addu  $sp, $sp, 4
	sw    $t0, 0($t1)
	sw    $t0, 0($sp)	#PUSH
	subu  $sp, $sp, 4
	lw    $t0, 4($sp)	#POP
	addu  $sp, $sp, 4
.L23:
	beq   $t0, 0, .L24
	li    $t0, 0
	sw    $t0, 0($sp)	#PUSH
	subu  $sp, $sp, 4
	la    $t0, -108($fp)
	sw    $t0, 0($sp)	#PUSH
	subu  $sp, $sp, 4
	lw    $t1, 4($sp)	#POP
	addu  $sp, $sp, 4
	lw    $t0, 4($sp)	#POP
	addu  $sp, $sp, 4
	sw    $t0, 0($t1)
	sw    $t0, 0($sp)	#PUSH
	subu  $sp, $sp, 4
	lw    $t0, 4($sp)	#POP
	addu  $sp, $sp, 4
.L24:
	beq   $t0, 0, .L25
	li    $t0, 0
	sw    $t0, 0($sp)	#PUSH
	subu  $sp, $sp, 4
	la    $t0, -112($fp)
	sw    $t0, 0($sp)	#PUSH
	subu  $sp, $sp, 4
	lw    $t1, 4($sp)	#POP
	addu  $sp, $sp, 4
	lw    $t0, 4($sp)	#POP
	addu  $sp, $sp, 4
	sw    $t0, 0($t1)
	sw    $t0, 0($sp)	#PUSH
	subu  $sp, $sp, 4
	lw    $t0, 4($sp)	#POP
	addu  $sp, $sp, 4
.L25:
	beq   $t0, 0, .L26
	li    $t0, 0
	sw    $t0, 0($sp)	#PUSH
	subu  $sp, $sp, 4
	la    $t0, -116($fp)
	sw    $t0, 0($sp)	#PUSH
	subu  $sp, $sp, 4
	lw    $t1, 4($sp)	#POP
	addu  $sp, $sp, 4
	lw    $t0, 4($sp)	#POP
	addu  $sp, $sp, 4
	sw    $t0, 0($t1)
	sw    $t0, 0($sp)	#PUSH
	subu  $sp, $sp, 4
	lw    $t0, 4($sp)	#POP
	addu  $sp, $sp, 4
.L26:
	beq   $t0, 0, .L27
	li    $t0, 0
	sw    $t0, 0($sp)	#PUSH
	subu  $sp, $sp, 4
	la    $t0, -120($fp)
	sw    $t0, 0($sp)	#PUSH
	subu  $sp, $sp, 4
	lw    $t1, 4($sp)	#POP
	addu  $sp, $sp, 4
	lw    $t0, 4($sp)	#POP
	addu  $sp, $sp, 4
	sw    $t0, 0($t1)
	sw    $t0, 0($sp)	#PUSH
	subu  $sp, $sp, 4
	lw    $t0, 4($sp)	#POP
	addu  $sp, $sp, 4
.L27:
	beq   $t0, 0, .L28
	li    $t0, 0
	sw    $t0, 0($sp)	#PUSH
	subu  $sp, $sp, 4
	la    $t0, -124($fp)
	sw    $t0, 0($sp)	#PUSH
	subu  $sp, $sp, 4
	lw    $t1, 4($sp)	#POP
	addu  $sp, $sp, 4
	lw    $t0, 4($sp)	#POP
	addu  $sp, $sp, 4
	sw    $t0, 0($t1)
	sw    $t0, 0($sp)	#PUSH
	subu  $sp, $sp, 4
	lw    $t0, 4($sp)	#POP
	addu  $sp, $sp, 4
.L28:
	beq   $t0, 0, .L29
	li    $t0, 0
	sw    $t0, 0($sp)	#PUSH
	subu  $sp, $sp, 4
	la    $t0, -128($fp)
	sw    $t0, 0($sp)	#PUSH
	subu  $sp, $sp, 4
	lw    $t1, 4($sp)	#POP
	addu  $sp, $sp, 4
	lw    $t0, 4($sp)	#POP
	addu  $sp, $sp, 4
	sw    $t0, 0($t1)
	sw    $t0, 0($sp)	#PUSH
	subu  $sp, $sp, 4
	lw    $t0, 4($sp)	#POP
	addu  $sp, $sp, 4
.L29:
	li    $t0, 4
	sw    $t0, 0($sp)	#PUSH
	subu  $sp, $sp, 4
	la    $t0, -8($fp)
	sw    $t0, 0($sp)	#PUSH
	subu  $sp, $sp, 4
	lw    $t1, 4($sp)	#POP
	addu  $sp, $sp, 4
	lw    $t0, 4($sp)	#POP
	addu  $sp, $sp, 4
	sw    $t0, 0($t1)
	sw    $t0, 0($sp)	#PUSH
	subu  $sp, $sp, 4
	lw    $t0, 4($sp)	#POP
	addu  $sp, $sp, 4
	li    $t0, 40
	sw    $t0, 0($sp)	#PUSH
	subu  $sp, $sp, 4
	la    $t0, -8($fp)
	sw    $t0, 0($sp)	#PUSH
	subu  $sp, $sp, 4
	lw    $t1, 4($sp)	#POP
	addu  $sp, $sp, 4
	lw    $t0, 4($sp)	#POP
	addu  $sp, $sp, 4
	sw    $t0, 0($t1)
	sw    $t0, 0($sp)	#PUSH
	subu  $sp, $sp, 4
	lw    $t0, 4($sp)	#POP
	addu  $sp, $sp, 4
	li    $t0, 40
	sw    $t0, 0($sp)	#PUSH
	subu  $sp, $sp, 4
	la    $t0, -8($fp)
	sw    $t0, 0($sp)	#PUSH
	subu  $sp, $sp, 4
	lw    $t1, 4($sp)	#POP
	addu  $sp, $sp, 4
	lw    $t0, 4($sp)	#POP
	addu  $sp, $sp, 4
	sw    $t0, 0($t1)
	sw    $t0, 0($sp)	#PUSH
	subu  $sp, $sp, 4
	lw    $t0, 4($sp)	#POP
	addu  $sp, $sp, 4
	li    $t0, 121
	sw    $t0, 0($sp)	#PUSH
	subu  $sp, $sp, 4
	la    $t0, -8($fp)
	sw    $t0, 0($sp)	#PUSH
	subu  $sp, $sp, 4
	lw    $t1, 4($sp)	#POP
	addu  $sp, $sp, 4
	lw    $t0, 4($sp)	#POP
	addu  $sp, $sp, 4
	sw    $t0, 0($t1)
	sw    $t0, 0($sp)	#PUSH
	subu  $sp, $sp, 4
	lw    $t0, 4($sp)	#POP
	addu  $sp, $sp, 4
	li    $t0, 125
	sw    $t0, 0($sp)	#PUSH
	subu  $sp, $sp, 4
	la    $t0, -8($fp)
	sw    $t0, 0($sp)	#PUSH
	subu  $sp, $sp, 4
	lw    $t1, 4($sp)	#POP
	addu  $sp, $sp, 4
	lw    $t0, 4($sp)	#POP
	addu  $sp, $sp, 4
	sw    $t0, 0($t1)
	sw    $t0, 0($sp)	#PUSH
	subu  $sp, $sp, 4
	lw    $t0, 4($sp)	#POP
	addu  $sp, $sp, 4
	li    $t0, 125
	sw    $t0, 0($sp)	#PUSH
	subu  $sp, $sp, 4
	la    $t0, -8($fp)
	sw    $t0, 0($sp)	#PUSH
	subu  $sp, $sp, 4
	lw    $t1, 4($sp)	#POP
	addu  $sp, $sp, 4
	lw    $t0, 4($sp)	#POP
	addu  $sp, $sp, 4
	sw    $t0, 0($t1)
	sw    $t0, 0($sp)	#PUSH
	subu  $sp, $sp, 4
	lw    $t0, 4($sp)	#POP
	addu  $sp, $sp, 4
	li    $t0, 125
	sw    $t0, 0($sp)	#PUSH
	subu  $sp, $sp, 4
	la    $t0, -8($fp)
	sw    $t0, 0($sp)	#PUSH
	subu  $sp, $sp, 4
	lw    $t1, 4($sp)	#POP
	addu  $sp, $sp, 4
	lw    $t0, 4($sp)	#POP
	addu  $sp, $sp, 4
	sw    $t0, 0($t1)
	sw    $t0, 0($sp)	#PUSH
	subu  $sp, $sp, 4
	lw    $t0, 4($sp)	#POP
	addu  $sp, $sp, 4
	li    $t0, 161
	sw    $t0, 0($sp)	#PUSH
	subu  $sp, $sp, 4
	la    $t0, -8($fp)
	sw    $t0, 0($sp)	#PUSH
	subu  $sp, $sp, 4
	lw    $t1, 4($sp)	#POP
	addu  $sp, $sp, 4
	lw    $t0, 4($sp)	#POP
	addu  $sp, $sp, 4
	sw    $t0, 0($t1)
	sw    $t0, 0($sp)	#PUSH
	subu  $sp, $sp, 4
	lw    $t0, 4($sp)	#POP
	addu  $sp, $sp, 4
	li    $t0, 261
	sw    $t0, 0($sp)	#PUSH
	subu  $sp, $sp, 4
	la    $t0, -8($fp)
	sw    $t0, 0($sp)	#PUSH
	subu  $sp, $sp, 4
	lw    $t1, 4($sp)	#POP
	addu  $sp, $sp, 4
	lw    $t0, 4($sp)	#POP
	addu  $sp, $sp, 4
	sw    $t0, 0($t1)
	sw    $t0, 0($sp)	#PUSH
	subu  $sp, $sp, 4
	lw    $t0, 4($sp)	#POP
	addu  $sp, $sp, 4
	li    $t0, 745
	sw    $t0, 0($sp)	#PUSH
	subu  $sp, $sp, 4
	la    $t0, -8($fp)
	sw    $t0, 0($sp)	#PUSH
	subu  $sp, $sp, 4
	lw    $t1, 4($sp)	#POP
	addu  $sp, $sp, 4
	lw    $t0, 4($sp)	#POP
	addu  $sp, $sp, 4
	sw    $t0, 0($t1)
	sw    $t0, 0($sp)	#PUSH
	subu  $sp, $sp, 4
	lw    $t0, 4($sp)	#POP
	addu  $sp, $sp, 4
	li    $t0, 914
	sw    $t0, 0($sp)	#PUSH
	subu  $sp, $sp, 4
	la    $t0, -8($fp)
	sw    $t0, 0($sp)	#PUSH
	subu  $sp, $sp, 4
	lw    $t1, 4($sp)	#POP
	addu  $sp, $sp, 4
	lw    $t0, 4($sp)	#POP
	addu  $sp, $sp, 4
	sw    $t0, 0($t1)
	sw    $t0, 0($sp)	#PUSH
	subu  $sp, $sp, 4
	lw    $t0, 4($sp)	#POP
	addu  $sp, $sp, 4
	li    $t0, 914
	sw    $t0, 0($sp)	#PUSH
	subu  $sp, $sp, 4
	la    $t0, -8($fp)
	sw    $t0, 0($sp)	#PUSH
	subu  $sp, $sp, 4
	lw    $t1, 4($sp)	#POP
	addu  $sp, $sp, 4
	lw    $t0, 4($sp)	#POP
	addu  $sp, $sp, 4
	sw    $t0, 0($t1)
	sw    $t0, 0($sp)	#PUSH
	subu  $sp, $sp, 4
	lw    $t0, 4($sp)	#POP
	addu  $sp, $sp, 4
	li    $t0, 3723
	sw    $t0, 0($sp)	#PUSH
	subu  $sp, $sp, 4
	la    $t0, -8($fp)
	sw    $t0, 0($sp)	#PUSH
	subu  $sp, $sp, 4
	lw    $t1, 4($sp)	#POP
	addu  $sp, $sp, 4
	lw    $t0, 4($sp)	#POP
	addu  $sp, $sp, 4
	sw    $t0, 0($t1)
	sw    $t0, 0($sp)	#PUSH
	subu  $sp, $sp, 4
	lw    $t0, 4($sp)	#POP
	addu  $sp, $sp, 4
	li    $t0, 3723
	sw    $t0, 0($sp)	#PUSH
	subu  $sp, $sp, 4
	la    $t0, -8($fp)
	sw    $t0, 0($sp)	#PUSH
	subu  $sp, $sp, 4
	lw    $t1, 4($sp)	#POP
	addu  $sp, $sp, 4
	lw    $t0, 4($sp)	#POP
	addu  $sp, $sp, 4
	sw    $t0, 0($t1)
	sw    $t0, 0($sp)	#PUSH
	subu  $sp, $sp, 4
	lw    $t0, 4($sp)	#POP
	addu  $sp, $sp, 4
	li    $t0, 3723
	sw    $t0, 0($sp)	#PUSH
	subu  $sp, $sp, 4
	la    $t0, -8($fp)
	sw    $t0, 0($sp)	#PUSH
	subu  $sp, $sp, 4
	lw    $t1, 4($sp)	#POP
	addu  $sp, $sp, 4
	lw    $t0, 4($sp)	#POP
	addu  $sp, $sp, 4
	sw    $t0, 0($t1)
	sw    $t0, 0($sp)	#PUSH
	subu  $sp, $sp, 4
	lw    $t0, 4($sp)	#POP
	addu  $sp, $sp, 4
	li    $a0, 3723
	li    $v0, 1
	syscall
	lw    $t0, -8($fp)
	sw    $t0, 0($sp)	#PUSH
	subu  $sp, $sp, 4
	lw    $v0, 4($sp)	#POP
	addu  $sp, $sp, 4
	lw    $ra, 0($fp)
	move  $t0, $fp
	lw    $fp, -4($fp)
	move  $sp, $t0
	li    $v0, 10
	syscall
