	.text
	.globl main
main:
	sw    $ra, 0($sp)	#PUSH
	subu  $sp, $sp, 4
	sw    $fp, 0($sp)	#PUSH
	subu  $sp, $sp, 4
	addu  $fp, $sp, 8
	subu  $sp, $sp, 20
	li    $t0, 3
	sw    $t0, 0($sp)	#PUSH
	subu  $sp, $sp, 4
	la    $t0, -8($fp)
	sw    $t0, 0($sp)	#PUSH
	subu  $sp, $sp, 4
	lw    $t1, 4($sp)	#POP
	addu  $sp, $sp, 4
	lw    $t0, 4($sp)	#POP
	addu  $sp, $sp, 4
	sw    $t0, 0($t1)
	sw    $t0, 0($sp)	#PUSH
	subu  $sp, $sp, 4
	lw    $t0, 4($sp)	#POP
	addu  $sp, $sp, 4
	li    $t0, 5000
	sw    $t0, 0($sp)	#PUSH
	subu  $sp, $sp, 4
	la    $t0, -12($fp)
	sw    $t0, 0($sp)	#PUSH
	subu  $sp, $sp, 4
	lw    $t1, 4($sp)	#POP
	addu  $sp, $sp, 4
	lw    $t0, 4($sp)	#POP
	addu  $sp, $sp, 4
	sw    $t0, 0($t1)
	sw    $t0, 0($sp)	#PUSH
	subu  $sp, $sp, 4
	lw    $t0, 4($sp)	#POP
	addu  $sp, $sp, 4
	li    $t0, 3
	sw    $t0, 0($sp)	#PUSH
	subu  $sp, $sp, 4
	la    $t0, -16($fp)
	sw    $t0, 0($sp)	#PUSH
	subu  $sp, $sp, 4
	lw    $t1, 4($sp)	#POP
	addu  $sp, $sp, 4
	lw    $t0, 4($sp)	#POP
	addu  $sp, $sp, 4
	sw    $t0, 0($t1)
	sw    $t0, 0($sp)	#PUSH
	subu  $sp, $sp, 4
	lw    $t0, 4($sp)	#POP
	addu  $sp, $sp, 4
	li    $t0, 565473185
	sw    $t0, 0($sp)	#PUSH
	subu  $sp, $sp, 4
	la    $t0, -16($fp)
	sw    $t0, 0($sp)	#PUSH
	subu  $sp, $sp, 4
	lw    $t1, 4($sp)	#POP
	addu  $sp, $sp, 4
	lw    $t0, 4($sp)	#POP
	addu  $sp, $sp, 4
	sw    $t0, 0($t1)
	sw    $t0, 0($sp)	#PUSH
	subu  $sp, $sp, 4
	lw    $t0, 4($sp)	#POP
	addu  $sp, $sp, 4
	li    $t0, 1
	sw    $t0, 0($sp)	#PUSH
	subu  $sp, $sp, 4
	la    $t0, -12($fp)
	sw    $t0, 0($sp)	#PUSH
	subu  $sp, $sp, 4
	lw    $t1, 4($sp)	#POP
	addu  $sp, $sp, 4
	lw    $t0, 4($sp)	#POP
	addu  $sp, $sp, 4
	sw    $t0, 0($t1)
	sw    $t0, 0($sp)	#PUSH
	subu  $sp, $sp, 4
	lw    $t0, 4($sp)	#POP
	addu  $sp, $sp, 4
	li    $a0, 565473185
	li    $v0, 1
	syscall
	lw    $t0, -16($fp)
	sw    $t0, 0($sp)	#PUSH
	subu  $sp, $sp, 4
	lw    $v0, 4($sp)	#POP
	addu  $sp, $sp, 4
	lw    $ra, 0($fp)
	move  $t0, $fp
	lw    $fp, -4($fp)
	move  $sp, $t0
	li    $v0, 10
	syscall
